<?xml version="1.0"?>
<component name="org.nuxeo.drive.test.versioning" version="1.0">

 <extension target="org.nuxeo.ecm.core.versioning.VersioningService"
  point="versioningRules">

  <versioningRule typeName="File">
   <initialState major="0" minor="0" />
   <options lifeCycleState="*">
    <none />
    <minor default="true" />
    <major />
   </options>
  </versioningRule>

 </extension>

</component>