<?xml version="1.0"?>
<component name="org.nuxeo.drive.permission.check.optimization.enabled.test">

  <require>org.nuxeo.drive.adapters</require>

  <extension target="org.nuxeo.runtime.ConfigurationService" point="configuration">
    <property name="org.nuxeo.drive.permissionCheckOptimized">true</property>
  </extension>

</component>
