<?xml version="1.0"?>
<component name="org.nuxeo.drive.tests.cs" version="1.0">

 <extension target="org.nuxeo.runtime.ConfigurationService"
  point="configuration">
  <documentation>
   Force Drive not to send its versioning option if no minor/major increase
   is needed.
  </documentation>
  <property name="nuxeo.force.drive.versioning">false</property>
 </extension>

</component>